  main.cpp
D:\VS\VS_OpenGL_tutorial\OpenGL_tutorial\tut_Basic_Objects\main.cpp(39,23): warning C4244: аргумент: преобразование "double" в "float", возможна потеря данных
D:\VS\VS_OpenGL_tutorial\OpenGL_tutorial\tut_Basic_Objects\main.cpp(42,49): warning C4244: аргумент: преобразование "double" в "float", возможна потеря данных
D:\VS\VS_OpenGL_tutorial\OpenGL_tutorial\tut_Basic_Objects\main.cpp(42,22): warning C4244: аргумент: преобразование "double" в "float", возможна потеря данных
D:\VS\VS_OpenGL_tutorial\OpenGL_tutorial\tut_Basic_Objects\main.cpp(47,33): warning C4244: аргумент: преобразование "double" в "float", возможна потеря данных
D:\VS\VS_OpenGL_tutorial\OpenGL_tutorial\tut_Basic_Objects\main.cpp(47,23): warning C4244: аргумент: преобразование "double" в "float", возможна потеря данных
D:\VS\VS_OpenGL_tutorial\OpenGL_tutorial\tut_Basic_Objects\main.cpp(48,23): warning C4244: аргумент: преобразование "double" в "float", возможна потеря данных
D:\VS\VS_OpenGL_tutorial\OpenGL_tutorial\tut_Basic_Objects\main.cpp(52,41): warning C4244: аргумент: преобразование "double" в "float", возможна потеря данных
D:\VS\VS_OpenGL_tutorial\OpenGL_tutorial\tut_Basic_Objects\main.cpp(52,32): warning C4244: аргумент: преобразование "double" в "float", возможна потеря данных
D:\VS\VS_OpenGL_tutorial\OpenGL_tutorial\tut_Basic_Objects\main.cpp(52,22): warning C4244: аргумент: преобразование "double" в "float", возможна потеря данных
D:\VS\VS_OpenGL_tutorial\OpenGL_tutorial\tut_Basic_Objects\main.cpp(56,28): warning C4305: аргумент: усечение из "double" в "float"
D:\VS\VS_OpenGL_tutorial\OpenGL_tutorial\tut_Basic_Objects\main.cpp(76,23): warning C4244: =: преобразование "double" в "float", возможна потеря данных
D:\VS\VS_OpenGL_tutorial\OpenGL_tutorial\tut_Basic_Objects\main.cpp(79,23): warning C4244: =: преобразование "double" в "float", возможна потеря данных
  Lib(pict).cpp
D:\VS\VS_OpenGL_tutorial\OpenGL_tutorial\tut_Basic_Objects\Lib(pict).cpp(9,26): warning C4305: аргумент: усечение из "double" в "GLfloat"
D:\VS\VS_OpenGL_tutorial\OpenGL_tutorial\tut_Basic_Objects\Lib(pict).cpp(10,23): warning C4305: аргумент: усечение из "double" в "GLfloat"
D:\VS\VS_OpenGL_tutorial\OpenGL_tutorial\tut_Basic_Objects\Lib(pict).cpp(11,23): warning C4305: аргумент: усечение из "double" в "GLfloat"
D:\VS\VS_OpenGL_tutorial\OpenGL_tutorial\tut_Basic_Objects\Lib(pict).cpp(13,24): warning C4305: аргумент: усечение из "double" в "GLfloat"
D:\VS\VS_OpenGL_tutorial\OpenGL_tutorial\tut_Basic_Objects\Lib(pict).cpp(14,26): warning C4305: аргумент: усечение из "double" в "GLfloat"
D:\VS\VS_OpenGL_tutorial\OpenGL_tutorial\tut_Basic_Objects\Lib(pict).cpp(16,26): warning C4305: аргумент: усечение из "double" в "GLfloat"
D:\VS\VS_OpenGL_tutorial\OpenGL_tutorial\tut_Basic_Objects\Lib(pict).cpp(17,26): warning C4305: аргумент: усечение из "double" в "GLfloat"
D:\VS\VS_OpenGL_tutorial\OpenGL_tutorial\tut_Basic_Objects\Lib(pict).cpp(19,24): warning C4305: аргумент: усечение из "double" в "GLfloat"
D:\VS\VS_OpenGL_tutorial\OpenGL_tutorial\tut_Basic_Objects\Lib(pict).cpp(20,26): warning C4305: аргумент: усечение из "double" в "GLfloat"
D:\VS\VS_OpenGL_tutorial\OpenGL_tutorial\tut_Basic_Objects\Lib(pict).cpp(22,26): warning C4305: аргумент: усечение из "double" в "GLfloat"
D:\VS\VS_OpenGL_tutorial\OpenGL_tutorial\tut_Basic_Objects\Lib(pict).cpp(23,26): warning C4305: аргумент: усечение из "double" в "GLfloat"
D:\VS\VS_OpenGL_tutorial\OpenGL_tutorial\tut_Basic_Objects\Lib(pict).cpp(32,28): warning C4305: аргумент: усечение из "double" в "GLfloat"
D:\VS\VS_OpenGL_tutorial\OpenGL_tutorial\tut_Basic_Objects\Lib(pict).cpp(35,29): warning C4305: аргумент: усечение из "double" в "GLfloat"
D:\VS\VS_OpenGL_tutorial\OpenGL_tutorial\tut_Basic_Objects\Lib(pict).cpp(50,28): warning C4305: аргумент: усечение из "double" в "GLfloat"
D:\VS\VS_OpenGL_tutorial\OpenGL_tutorial\tut_Basic_Objects\Lib(pict).cpp(65,26): warning C4305: аргумент: усечение из "double" в "GLfloat"
D:\VS\VS_OpenGL_tutorial\OpenGL_tutorial\tut_Basic_Objects\Lib(pict).cpp(66,27): warning C4305: аргумент: усечение из "double" в "GLfloat"
D:\VS\VS_OpenGL_tutorial\OpenGL_tutorial\tut_Basic_Objects\Lib(pict).cpp(68,26): warning C4305: аргумент: усечение из "double" в "GLfloat"
D:\VS\VS_OpenGL_tutorial\OpenGL_tutorial\tut_Basic_Objects\Lib(pict).cpp(69,27): warning C4305: аргумент: усечение из "double" в "GLfloat"
D:\VS\VS_OpenGL_tutorial\OpenGL_tutorial\tut_Basic_Objects\Lib(pict).cpp(70,22): warning C4305: аргумент: усечение из "double" в "GLfloat"
D:\VS\VS_OpenGL_tutorial\OpenGL_tutorial\tut_Basic_Objects\Lib(pict).cpp(72,23): warning C4305: аргумент: усечение из "double" в "GLfloat"
D:\VS\VS_OpenGL_tutorial\OpenGL_tutorial\tut_Basic_Objects\Lib(pict).cpp(73,23): warning C4305: аргумент: усечение из "double" в "GLfloat"
D:\VS\VS_OpenGL_tutorial\OpenGL_tutorial\tut_Basic_Objects\Lib(pict).cpp(74,27): warning C4305: аргумент: усечение из "double" в "GLfloat"
D:\VS\VS_OpenGL_tutorial\OpenGL_tutorial\tut_Basic_Objects\Lib(pict).cpp(76,23): warning C4305: аргумент: усечение из "double" в "GLfloat"
D:\VS\VS_OpenGL_tutorial\OpenGL_tutorial\tut_Basic_Objects\Lib(pict).cpp(77,23): warning C4305: аргумент: усечение из "double" в "GLfloat"
D:\VS\VS_OpenGL_tutorial\OpenGL_tutorial\tut_Basic_Objects\Lib(pict).cpp(78,26): warning C4305: аргумент: усечение из "double" в "GLfloat"
D:\VS\VS_OpenGL_tutorial\OpenGL_tutorial\tut_Basic_Objects\Lib(pict).cpp(90,24): warning C4305: аргумент: усечение из "double" в "GLfloat"
D:\VS\VS_OpenGL_tutorial\OpenGL_tutorial\tut_Basic_Objects\Lib(pict).cpp(92,26): warning C4305: аргумент: усечение из "double" в "GLfloat"
D:\VS\VS_OpenGL_tutorial\OpenGL_tutorial\tut_Basic_Objects\Lib(pict).cpp(94,29): warning C4305: аргумент: усечение из "double" в "GLfloat"
D:\VS\VS_OpenGL_tutorial\OpenGL_tutorial\tut_Basic_Objects\Lib(pict).cpp(96,26): warning C4305: аргумент: усечение из "double" в "GLfloat"
D:\VS\VS_OpenGL_tutorial\OpenGL_tutorial\tut_Basic_Objects\Lib(pict).cpp(98,29): warning C4305: аргумент: усечение из "double" в "GLfloat"
D:\VS\VS_OpenGL_tutorial\OpenGL_tutorial\tut_Basic_Objects\Lib(pict).cpp(100,28): warning C4305: аргумент: усечение из "double" в "GLfloat"
D:\VS\VS_OpenGL_tutorial\OpenGL_tutorial\tut_Basic_Objects\Lib(pict).cpp(102,27): warning C4305: аргумент: усечение из "double" в "GLfloat"
D:\VS\VS_OpenGL_tutorial\OpenGL_tutorial\tut_Basic_Objects\Lib(pict).cpp(104,28): warning C4305: аргумент: усечение из "double" в "GLfloat"
D:\VS\VS_OpenGL_tutorial\OpenGL_tutorial\tut_Basic_Objects\Lib(pict).cpp(106,27): warning C4305: аргумент: усечение из "double" в "GLfloat"
D:\VS\VS_OpenGL_tutorial\OpenGL_tutorial\tut_Basic_Objects\Lib(pict).cpp(108,28): warning C4305: аргумент: усечение из "double" в "GLfloat"
D:\VS\VS_OpenGL_tutorial\OpenGL_tutorial\tut_Basic_Objects\Lib(pict).cpp(110,26): warning C4305: аргумент: усечение из "double" в "GLfloat"
D:\VS\VS_OpenGL_tutorial\OpenGL_tutorial\tut_Basic_Objects\Lib(pict).cpp(112,23): warning C4305: аргумент: усечение из "double" в "GLfloat"
D:\VS\VS_OpenGL_tutorial\OpenGL_tutorial\tut_Basic_Objects\Lib(pict).cpp(125,26): warning C4305: аргумент: усечение из "double" в "GLfloat"
D:\VS\VS_OpenGL_tutorial\OpenGL_tutorial\tut_Basic_Objects\Lib(pict).cpp(126,26): warning C4305: аргумент: усечение из "double" в "GLfloat"
D:\VS\VS_OpenGL_tutorial\OpenGL_tutorial\tut_Basic_Objects\Lib(pict).cpp(127,24): warning C4305: аргумент: усечение из "double" в "GLfloat"
D:\VS\VS_OpenGL_tutorial\OpenGL_tutorial\tut_Basic_Objects\Lib(pict).cpp(128,27): warning C4305: аргумент: усечение из "double" в "GLfloat"
D:\VS\VS_OpenGL_tutorial\OpenGL_tutorial\tut_Basic_Objects\Lib(pict).cpp(131,26): warning C4305: аргумент: усечение из "double" в "GLfloat"
D:\VS\VS_OpenGL_tutorial\OpenGL_tutorial\tut_Basic_Objects\Lib(pict).cpp(132,26): warning C4305: аргумент: усечение из "double" в "GLfloat"
D:\VS\VS_OpenGL_tutorial\OpenGL_tutorial\tut_Basic_Objects\Lib(pict).cpp(133,24): warning C4305: аргумент: усечение из "double" в "GLfloat"
D:\VS\VS_OpenGL_tutorial\OpenGL_tutorial\tut_Basic_Objects\Lib(pict).cpp(134,27): warning C4305: аргумент: усечение из "double" в "GLfloat"
D:\VS\VS_OpenGL_tutorial\OpenGL_tutorial\tut_Basic_Objects\Lib(pict).cpp(137,26): warning C4305: аргумент: усечение из "double" в "GLfloat"
D:\VS\VS_OpenGL_tutorial\OpenGL_tutorial\tut_Basic_Objects\Lib(pict).cpp(138,26): warning C4305: аргумент: усечение из "double" в "GLfloat"
D:\VS\VS_OpenGL_tutorial\OpenGL_tutorial\tut_Basic_Objects\Lib(pict).cpp(139,24): warning C4305: аргумент: усечение из "double" в "GLfloat"
D:\VS\VS_OpenGL_tutorial\OpenGL_tutorial\tut_Basic_Objects\Lib(pict).cpp(140,26): warning C4305: аргумент: усечение из "double" в "GLfloat"
D:\VS\VS_OpenGL_tutorial\OpenGL_tutorial\tut_Basic_Objects\Lib(pict).cpp(143,26): warning C4305: аргумент: усечение из "double" в "GLfloat"
D:\VS\VS_OpenGL_tutorial\OpenGL_tutorial\tut_Basic_Objects\Lib(pict).cpp(144,26): warning C4305: аргумент: усечение из "double" в "GLfloat"
D:\VS\VS_OpenGL_tutorial\OpenGL_tutorial\tut_Basic_Objects\Lib(pict).cpp(145,24): warning C4305: аргумент: усечение из "double" в "GLfloat"
D:\VS\VS_OpenGL_tutorial\OpenGL_tutorial\tut_Basic_Objects\Lib(pict).cpp(146,27): warning C4305: аргумент: усечение из "double" в "GLfloat"
D:\VS\VS_OpenGL_tutorial\OpenGL_tutorial\tut_Basic_Objects\Lib(pict).cpp(149,26): warning C4305: аргумент: усечение из "double" в "GLfloat"
D:\VS\VS_OpenGL_tutorial\OpenGL_tutorial\tut_Basic_Objects\Lib(pict).cpp(150,26): warning C4305: аргумент: усечение из "double" в "GLfloat"
D:\VS\VS_OpenGL_tutorial\OpenGL_tutorial\tut_Basic_Objects\Lib(pict).cpp(151,24): warning C4305: аргумент: усечение из "double" в "GLfloat"
D:\VS\VS_OpenGL_tutorial\OpenGL_tutorial\tut_Basic_Objects\Lib(pict).cpp(152,27): warning C4305: аргумент: усечение из "double" в "GLfloat"
D:\VS\VS_OpenGL_tutorial\OpenGL_tutorial\tut_Basic_Objects\Lib(pict).cpp(163,24): warning C4305: аргумент: усечение из "double" в "GLfloat"
D:\VS\VS_OpenGL_tutorial\OpenGL_tutorial\tut_Basic_Objects\Lib(pict).cpp(165,24): warning C4305: аргумент: усечение из "double" в "GLfloat"
D:\VS\VS_OpenGL_tutorial\OpenGL_tutorial\tut_Basic_Objects\Lib(pict).cpp(166,24): warning C4305: аргумент: усечение из "double" в "GLfloat"
D:\VS\VS_OpenGL_tutorial\OpenGL_tutorial\tut_Basic_Objects\Lib(pict).cpp(167,22): warning C4305: аргумент: усечение из "double" в "GLfloat"
D:\VS\VS_OpenGL_tutorial\OpenGL_tutorial\tut_Basic_Objects\Lib(pict).cpp(170,25): warning C4305: аргумент: усечение из "double" в "GLfloat"
D:\VS\VS_OpenGL_tutorial\OpenGL_tutorial\tut_Basic_Objects\Lib(pict).cpp(171,25): warning C4305: аргумент: усечение из "double" в "GLfloat"
D:\VS\VS_OpenGL_tutorial\OpenGL_tutorial\tut_Basic_Objects\Lib(pict).cpp(172,25): warning C4305: аргумент: усечение из "double" в "GLfloat"
D:\VS\VS_OpenGL_tutorial\OpenGL_tutorial\tut_Basic_Objects\Lib(pict).cpp(173,25): warning C4305: аргумент: усечение из "double" в "GLfloat"
D:\VS\VS_OpenGL_tutorial\OpenGL_tutorial\tut_Basic_Objects\Lib(pict).cpp(175,26): warning C4305: аргумент: усечение из "double" в "GLfloat"
D:\VS\VS_OpenGL_tutorial\OpenGL_tutorial\tut_Basic_Objects\Lib(pict).cpp(176,23): warning C4305: аргумент: усечение из "double" в "GLfloat"
D:\VS\VS_OpenGL_tutorial\OpenGL_tutorial\tut_Basic_Objects\Lib(pict).cpp(177,26): warning C4305: аргумент: усечение из "double" в "GLfloat"
D:\VS\VS_OpenGL_tutorial\OpenGL_tutorial\tut_Basic_Objects\Lib(pict).cpp(178,26): warning C4305: аргумент: усечение из "double" в "GLfloat"
D:\VS\VS_OpenGL_tutorial\OpenGL_tutorial\tut_Basic_Objects\Lib(pict).cpp(183,24): warning C4305: аргумент: усечение из "double" в "GLfloat"
D:\VS\VS_OpenGL_tutorial\OpenGL_tutorial\tut_Basic_Objects\Lib(pict).cpp(184,25): warning C4305: аргумент: усечение из "double" в "GLfloat"
D:\VS\VS_OpenGL_tutorial\OpenGL_tutorial\tut_Basic_Objects\Lib(pict).cpp(185,24): warning C4305: аргумент: усечение из "double" в "GLfloat"
D:\VS\VS_OpenGL_tutorial\OpenGL_tutorial\tut_Basic_Objects\Lib(pict).cpp(189,28): warning C4305: аргумент: усечение из "double" в "GLfloat"
D:\VS\VS_OpenGL_tutorial\OpenGL_tutorial\tut_Basic_Objects\Lib(pict).cpp(190,23): warning C4305: аргумент: усечение из "double" в "GLfloat"
D:\VS\VS_OpenGL_tutorial\OpenGL_tutorial\tut_Basic_Objects\Lib(pict).cpp(191,25): warning C4305: аргумент: усечение из "double" в "GLfloat"
D:\VS\VS_OpenGL_tutorial\OpenGL_tutorial\tut_Basic_Objects\Lib(pict).cpp(192,24): warning C4305: аргумент: усечение из "double" в "GLfloat"
D:\VS\VS_OpenGL_tutorial\OpenGL_tutorial\tut_Basic_Objects\Lib(pict).cpp(193,22): warning C4305: аргумент: усечение из "double" в "GLfloat"
D:\VS\VS_OpenGL_tutorial\OpenGL_tutorial\tut_Basic_Objects\Lib(pict).cpp(195,24): warning C4305: аргумент: усечение из "double" в "GLfloat"
D:\VS\VS_OpenGL_tutorial\OpenGL_tutorial\tut_Basic_Objects\Lib(pict).cpp(196,25): warning C4305: аргумент: усечение из "double" в "GLfloat"
D:\VS\VS_OpenGL_tutorial\OpenGL_tutorial\tut_Basic_Objects\Lib(pict).cpp(197,25): warning C4305: аргумент: усечение из "double" в "GLfloat"
D:\VS\VS_OpenGL_tutorial\OpenGL_tutorial\tut_Basic_Objects\Lib(pict).cpp(198,24): warning C4305: аргумент: усечение из "double" в "GLfloat"
D:\VS\VS_OpenGL_tutorial\OpenGL_tutorial\tut_Basic_Objects\Lib(pict).cpp(199,24): warning C4305: аргумент: усечение из "double" в "GLfloat"
D:\VS\VS_OpenGL_tutorial\OpenGL_tutorial\tut_Basic_Objects\Lib(pict).cpp(204,25): warning C4305: аргумент: усечение из "double" в "GLfloat"
D:\VS\VS_OpenGL_tutorial\OpenGL_tutorial\tut_Basic_Objects\Lib(pict).cpp(205,25): warning C4305: аргумент: усечение из "double" в "GLfloat"
D:\VS\VS_OpenGL_tutorial\OpenGL_tutorial\tut_Basic_Objects\Lib(pict).cpp(206,25): warning C4305: аргумент: усечение из "double" в "GLfloat"
D:\VS\VS_OpenGL_tutorial\OpenGL_tutorial\tut_Basic_Objects\Lib(pict).cpp(208,24): warning C4305: аргумент: усечение из "double" в "GLfloat"
D:\VS\VS_OpenGL_tutorial\OpenGL_tutorial\tut_Basic_Objects\Lib(pict).cpp(209,24): warning C4305: аргумент: усечение из "double" в "GLfloat"
D:\VS\VS_OpenGL_tutorial\OpenGL_tutorial\tut_Basic_Objects\Lib(pict).cpp(210,24): warning C4305: аргумент: усечение из "double" в "GLfloat"
D:\VS\VS_OpenGL_tutorial\OpenGL_tutorial\tut_Basic_Objects\Lib(pict).cpp(212,25): warning C4305: аргумент: усечение из "double" в "GLfloat"
D:\VS\VS_OpenGL_tutorial\OpenGL_tutorial\tut_Basic_Objects\Lib(pict).cpp(213,24): warning C4305: аргумент: усечение из "double" в "GLfloat"
D:\VS\VS_OpenGL_tutorial\OpenGL_tutorial\tut_Basic_Objects\Lib(pict).cpp(214,22): warning C4305: аргумент: усечение из "double" в "GLfloat"
D:\VS\VS_OpenGL_tutorial\OpenGL_tutorial\tut_Basic_Objects\Lib(pict).cpp(218,26): warning C4305: аргумент: усечение из "double" в "GLfloat"
D:\VS\VS_OpenGL_tutorial\OpenGL_tutorial\tut_Basic_Objects\Lib(pict).cpp(219,25): warning C4305: аргумент: усечение из "double" в "GLfloat"
D:\VS\VS_OpenGL_tutorial\OpenGL_tutorial\tut_Basic_Objects\Lib(pict).cpp(222,25): warning C4305: аргумент: усечение из "double" в "GLfloat"
D:\VS\VS_OpenGL_tutorial\OpenGL_tutorial\tut_Basic_Objects\Lib(pict).cpp(223,27): warning C4305: аргумент: усечение из "double" в "GLfloat"
D:\VS\VS_OpenGL_tutorial\OpenGL_tutorial\tut_Basic_Objects\Lib(pict).cpp(226,24): warning C4305: аргумент: усечение из "double" в "GLfloat"
D:\VS\VS_OpenGL_tutorial\OpenGL_tutorial\tut_Basic_Objects\Lib(pict).cpp(227,26): warning C4305: аргумент: усечение из "double" в "GLfloat"
D:\VS\VS_OpenGL_tutorial\OpenGL_tutorial\tut_Basic_Objects\Lib(pict).cpp(242,26): warning C4305: аргумент: усечение из "double" в "GLfloat"
D:\VS\VS_OpenGL_tutorial\OpenGL_tutorial\tut_Basic_Objects\Lib(pict).cpp(243,28): warning C4305: аргумент: усечение из "double" в "GLfloat"
D:\VS\VS_OpenGL_tutorial\OpenGL_tutorial\tut_Basic_Objects\Lib(pict).cpp(244,26): warning C4305: аргумент: усечение из "double" в "GLfloat"
D:\VS\VS_OpenGL_tutorial\OpenGL_tutorial\tut_Basic_Objects\Lib(pict).cpp(245,26): warning C4305: аргумент: усечение из "double" в "GLfloat"
D:\VS\VS_OpenGL_tutorial\OpenGL_tutorial\tut_Basic_Objects\Lib(pict).cpp(248,26): warning C4305: аргумент: усечение из "double" в "GLfloat"
D:\VS\VS_OpenGL_tutorial\OpenGL_tutorial\tut_Basic_Objects\Lib(pict).cpp(249,28): warning C4305: аргумент: усечение из "double" в "GLfloat"
D:\VS\VS_OpenGL_tutorial\OpenGL_tutorial\tut_Basic_Objects\Lib(pict).cpp(250,26): warning C4305: аргумент: усечение из "double" в "GLfloat"
D:\VS\VS_OpenGL_tutorial\OpenGL_tutorial\tut_Basic_Objects\Lib(pict).cpp(251,26): warning C4305: аргумент: усечение из "double" в "GLfloat"
D:\VS\VS_OpenGL_tutorial\OpenGL_tutorial\tut_Basic_Objects\Lib(pict).cpp(254,26): warning C4305: аргумент: усечение из "double" в "GLfloat"
D:\VS\VS_OpenGL_tutorial\OpenGL_tutorial\tut_Basic_Objects\Lib(pict).cpp(255,26): warning C4305: аргумент: усечение из "double" в "GLfloat"
D:\VS\VS_OpenGL_tutorial\OpenGL_tutorial\tut_Basic_Objects\Lib(pict).cpp(257,26): warning C4305: аргумент: усечение из "double" в "GLfloat"
D:\VS\VS_OpenGL_tutorial\OpenGL_tutorial\tut_Basic_Objects\Lib(pict).cpp(259,24): warning C4305: аргумент: усечение из "double" в "GLfloat"
D:\VS\VS_OpenGL_tutorial\OpenGL_tutorial\tut_Basic_Objects\Lib(pict).cpp(260,26): warning C4305: аргумент: усечение из "double" в "GLfloat"
D:\VS\VS_OpenGL_tutorial\OpenGL_tutorial\tut_Basic_Objects\Lib(pict).cpp(261,26): warning C4305: аргумент: усечение из "double" в "GLfloat"
D:\VS\VS_OpenGL_tutorial\OpenGL_tutorial\tut_Basic_Objects\Lib(pict).cpp(262,26): warning C4305: аргумент: усечение из "double" в "GLfloat"
D:\VS\VS_OpenGL_tutorial\OpenGL_tutorial\tut_Basic_Objects\Lib(pict).cpp(267,28): warning C4305: аргумент: усечение из "double" в "GLfloat"
D:\VS\VS_OpenGL_tutorial\OpenGL_tutorial\tut_Basic_Objects\Lib(pict).cpp(268,26): warning C4305: аргумент: усечение из "double" в "GLfloat"
D:\VS\VS_OpenGL_tutorial\OpenGL_tutorial\tut_Basic_Objects\Lib(pict).cpp(269,26): warning C4305: аргумент: усечение из "double" в "GLfloat"
D:\VS\VS_OpenGL_tutorial\OpenGL_tutorial\tut_Basic_Objects\Lib(pict).cpp(270,26): warning C4305: аргумент: усечение из "double" в "GLfloat"
D:\VS\VS_OpenGL_tutorial\OpenGL_tutorial\tut_Basic_Objects\Lib(pict).cpp(271,26): warning C4305: аргумент: усечение из "double" в "GLfloat"
D:\VS\VS_OpenGL_tutorial\OpenGL_tutorial\tut_Basic_Objects\Lib(pict).cpp(280,28): warning C4305: аргумент: усечение из "double" в "GLfloat"
D:\VS\VS_OpenGL_tutorial\OpenGL_tutorial\tut_Basic_Objects\Lib(pict).cpp(282,25): warning C4305: аргумент: усечение из "double" в "GLfloat"
D:\VS\VS_OpenGL_tutorial\OpenGL_tutorial\tut_Basic_Objects\Lib(pict).cpp(283,25): warning C4305: аргумент: усечение из "double" в "GLfloat"
D:\VS\VS_OpenGL_tutorial\OpenGL_tutorial\tut_Basic_Objects\Lib(pict).cpp(284,25): warning C4305: аргумент: усечение из "double" в "GLfloat"
D:\VS\VS_OpenGL_tutorial\OpenGL_tutorial\tut_Basic_Objects\Lib(pict).cpp(285,25): warning C4305: аргумент: усечение из "double" в "GLfloat"
D:\VS\VS_OpenGL_tutorial\OpenGL_tutorial\tut_Basic_Objects\Lib(pict).cpp(287,28): warning C4305: аргумент: усечение из "double" в "GLfloat"
D:\VS\VS_OpenGL_tutorial\OpenGL_tutorial\tut_Basic_Objects\Lib(pict).cpp(288,25): warning C4305: аргумент: усечение из "double" в "GLfloat"
D:\VS\VS_OpenGL_tutorial\OpenGL_tutorial\tut_Basic_Objects\Lib(pict).cpp(289,25): warning C4305: аргумент: усечение из "double" в "GLfloat"
D:\VS\VS_OpenGL_tutorial\OpenGL_tutorial\tut_Basic_Objects\Lib(pict).cpp(290,24): warning C4305: аргумент: усечение из "double" в "GLfloat"
D:\VS\VS_OpenGL_tutorial\OpenGL_tutorial\tut_Basic_Objects\Lib(pict).cpp(291,26): warning C4305: аргумент: усечение из "double" в "GLfloat"
D:\VS\VS_OpenGL_tutorial\OpenGL_tutorial\tut_Basic_Objects\Lib(pict).cpp(292,25): warning C4305: аргумент: усечение из "double" в "GLfloat"
D:\VS\VS_OpenGL_tutorial\OpenGL_tutorial\tut_Basic_Objects\Lib(pict).cpp(296,26): warning C4305: аргумент: усечение из "double" в "GLfloat"
D:\VS\VS_OpenGL_tutorial\OpenGL_tutorial\tut_Basic_Objects\Lib(pict).cpp(297,25): warning C4305: аргумент: усечение из "double" в "GLfloat"
D:\VS\VS_OpenGL_tutorial\OpenGL_tutorial\tut_Basic_Objects\Lib(pict).cpp(298,26): warning C4305: аргумент: усечение из "double" в "GLfloat"
D:\VS\VS_OpenGL_tutorial\OpenGL_tutorial\tut_Basic_Objects\Lib(pict).cpp(300,26): warning C4305: аргумент: усечение из "double" в "GLfloat"
D:\VS\VS_OpenGL_tutorial\OpenGL_tutorial\tut_Basic_Objects\Lib(pict).cpp(301,25): warning C4305: аргумент: усечение из "double" в "GLfloat"
D:\VS\VS_OpenGL_tutorial\OpenGL_tutorial\tut_Basic_Objects\Lib(pict).cpp(302,26): warning C4305: аргумент: усечение из "double" в "GLfloat"
D:\VS\VS_OpenGL_tutorial\OpenGL_tutorial\tut_Basic_Objects\Lib(pict).cpp(303,27): warning C4305: аргумент: усечение из "double" в "GLfloat"
D:\VS\VS_OpenGL_tutorial\OpenGL_tutorial\tut_Basic_Objects\Lib(pict).cpp(310,27): warning C4305: аргумент: усечение из "double" в "GLfloat"
D:\VS\VS_OpenGL_tutorial\OpenGL_tutorial\tut_Basic_Objects\Lib(pict).cpp(314,28): warning C4305: аргумент: усечение из "double" в "GLfloat"
D:\VS\VS_OpenGL_tutorial\OpenGL_tutorial\tut_Basic_Objects\Lib(pict).cpp(315,22): warning C4305: аргумент: усечение из "double" в "GLfloat"
D:\VS\VS_OpenGL_tutorial\OpenGL_tutorial\tut_Basic_Objects\Lib(pict).cpp(316,25): warning C4305: аргумент: усечение из "double" в "GLfloat"
D:\VS\VS_OpenGL_tutorial\OpenGL_tutorial\tut_Basic_Objects\Lib(pict).cpp(317,26): warning C4305: аргумент: усечение из "double" в "GLfloat"
D:\VS\VS_OpenGL_tutorial\OpenGL_tutorial\tut_Basic_Objects\Lib(pict).cpp(320,24): warning C4305: аргумент: усечение из "double" в "GLfloat"
D:\VS\VS_OpenGL_tutorial\OpenGL_tutorial\tut_Basic_Objects\Lib(pict).cpp(321,25): warning C4305: аргумент: усечение из "double" в "GLfloat"
D:\VS\VS_OpenGL_tutorial\OpenGL_tutorial\tut_Basic_Objects\Lib(pict).cpp(322,22): warning C4305: аргумент: усечение из "double" в "GLfloat"
D:\VS\VS_OpenGL_tutorial\OpenGL_tutorial\tut_Basic_Objects\Lib(pict).cpp(325,24): warning C4305: аргумент: усечение из "double" в "GLfloat"
D:\VS\VS_OpenGL_tutorial\OpenGL_tutorial\tut_Basic_Objects\Lib(pict).cpp(327,25): warning C4305: аргумент: усечение из "double" в "GLfloat"
D:\VS\VS_OpenGL_tutorial\OpenGL_tutorial\tut_Basic_Objects\Lib(pict).cpp(328,24): warning C4305: аргумент: усечение из "double" в "GLfloat"
D:\VS\VS_OpenGL_tutorial\OpenGL_tutorial\tut_Basic_Objects\Lib(pict).cpp(329,28): warning C4305: аргумент: усечение из "double" в "GLfloat"
D:\VS\VS_OpenGL_tutorial\OpenGL_tutorial\tut_Basic_Objects\Lib(pict).cpp(330,25): warning C4305: аргумент: усечение из "double" в "GLfloat"
D:\VS\VS_OpenGL_tutorial\OpenGL_tutorial\tut_Basic_Objects\Lib(pict).cpp(332,26): warning C4305: аргумент: усечение из "double" в "GLfloat"
D:\VS\VS_OpenGL_tutorial\OpenGL_tutorial\tut_Basic_Objects\Lib(pict).cpp(333,25): warning C4305: аргумент: усечение из "double" в "GLfloat"
D:\VS\VS_OpenGL_tutorial\OpenGL_tutorial\tut_Basic_Objects\Lib(pict).cpp(337,24): warning C4305: аргумент: усечение из "double" в "GLfloat"
D:\VS\VS_OpenGL_tutorial\OpenGL_tutorial\tut_Basic_Objects\Lib(pict).cpp(338,24): warning C4305: аргумент: усечение из "double" в "GLfloat"
D:\VS\VS_OpenGL_tutorial\OpenGL_tutorial\tut_Basic_Objects\Lib(pict).cpp(339,25): warning C4305: аргумент: усечение из "double" в "GLfloat"
D:\VS\VS_OpenGL_tutorial\OpenGL_tutorial\tut_Basic_Objects\Lib(pict).cpp(341,24): warning C4305: аргумент: усечение из "double" в "GLfloat"
D:\VS\VS_OpenGL_tutorial\OpenGL_tutorial\tut_Basic_Objects\Lib(pict).cpp(342,26): warning C4305: аргумент: усечение из "double" в "GLfloat"
D:\VS\VS_OpenGL_tutorial\OpenGL_tutorial\tut_Basic_Objects\Lib(pict).cpp(343,26): warning C4305: аргумент: усечение из "double" в "GLfloat"
D:\VS\VS_OpenGL_tutorial\OpenGL_tutorial\tut_Basic_Objects\Lib(pict).cpp(344,25): warning C4305: аргумент: усечение из "double" в "GLfloat"
D:\VS\VS_OpenGL_tutorial\OpenGL_tutorial\tut_Basic_Objects\Lib(pict).cpp(347,27): warning C4305: аргумент: усечение из "double" в "GLfloat"
D:\VS\VS_OpenGL_tutorial\OpenGL_tutorial\tut_Basic_Objects\Lib(pict).cpp(348,27): warning C4305: аргумент: усечение из "double" в "GLfloat"
D:\VS\VS_OpenGL_tutorial\OpenGL_tutorial\tut_Basic_Objects\Lib(pict).cpp(349,26): warning C4305: аргумент: усечение из "double" в "GLfloat"
D:\VS\VS_OpenGL_tutorial\OpenGL_tutorial\tut_Basic_Objects\Lib(pict).cpp(352,26): warning C4305: аргумент: усечение из "double" в "GLfloat"
D:\VS\VS_OpenGL_tutorial\OpenGL_tutorial\tut_Basic_Objects\Lib(pict).cpp(353,25): warning C4305: аргумент: усечение из "double" в "GLfloat"
D:\VS\VS_OpenGL_tutorial\OpenGL_tutorial\tut_Basic_Objects\Lib(pict).cpp(354,26): warning C4305: аргумент: усечение из "double" в "GLfloat"
D:\VS\VS_OpenGL_tutorial\OpenGL_tutorial\tut_Basic_Objects\Lib(pict).cpp(355,26): warning C4305: аргумент: усечение из "double" в "GLfloat"
D:\VS\VS_OpenGL_tutorial\OpenGL_tutorial\tut_Basic_Objects\Lib(pict).cpp(356,26): warning C4305: аргумент: усечение из "double" в "GLfloat"
D:\VS\VS_OpenGL_tutorial\OpenGL_tutorial\tut_Basic_Objects\Lib(pict).cpp(357,27): warning C4305: аргумент: усечение из "double" в "GLfloat"
D:\VS\VS_OpenGL_tutorial\OpenGL_tutorial\tut_Basic_Objects\Lib(pict).cpp(358,27): warning C4305: аргумент: усечение из "double" в "GLfloat"
D:\VS\VS_OpenGL_tutorial\OpenGL_tutorial\tut_Basic_Objects\Lib(pict).cpp(366,25): warning C4305: аргумент: усечение из "double" в "GLfloat"
D:\VS\VS_OpenGL_tutorial\OpenGL_tutorial\tut_Basic_Objects\Lib(pict).cpp(381,43): warning C4305: +=: усечение из "double" в "float"
  Создание кода...
  tut_Basic_Objects.vcxproj -> D:\VS\VS_OpenGL_tutorial\OpenGL_tutorial\Debug\tut_Basic_Objects.exe
